<?xml version="1.0" encoding="UTF-8"?>
<!-- Generated by org.testng.reporters.JUnitReportReporter -->
<testsuite skipped="0" hostname="LAPTOP-LTHFSPB6" name="com.testng.Testng_TimeOut" tests="3" failures="0" timestamp="2022-07-27T01:51:47 IST" time="4.052" errors="0">
  <testcase name="aMethod" time="2.028" classname="com.testng.Testng_TimeOut"/>
  <testcase name="cMethod" time="1.009" classname="com.testng.Testng_TimeOut"/>
  <testcase name="bMethod" time="1.015" classname="com.testng.Testng_TimeOut"/>
</testsuite> <!-- com.testng.Testng_TimeOut -->
