<?xml version="1.0" encoding="UTF-8"?>
<!-- Generated by org.testng.reporters.JUnitReportReporter -->
<testsuite skipped="0" hostname="LAPTOP-LTHFSPB6" name="com.testng.Testng_Grouping" tests="3" failures="0" timestamp="2022-07-28T20:32:17 IST" time="0.012" errors="0">
  <testcase name="bMethod" time="0.010" classname="com.testng.Testng_Grouping"/>
  <testcase name="cMethod" time="0.001" classname="com.testng.Testng_Grouping"/>
  <testcase name="dMethod" time="0.001" classname="com.testng.Testng_Grouping"/>
</testsuite> <!-- com.testng.Testng_Grouping -->
