<?xml version="1.0" encoding="UTF-8"?>
<!-- Generated by org.testng.reporters.JUnitReportReporter -->
<testsuite skipped="2" hostname="LAPTOP-LTHFSPB6" name="com.testng.Testng_Ignore" tests="3" failures="0" timestamp="2022-07-27T01:04:08 IST" time="0.012" errors="0">
  <testcase name="cMethod" time="0.012" classname="com.testng.Testng_Ignore"/>
  <testcase name="aMethod" classname="com.testng.Testng_Ignore">
    <skipped/>
  </testcase> <!-- aMethod -->
  <testcase name="bMethod" classname="com.testng.Testng_Ignore">
    <skipped/>
  </testcase> <!-- bMethod -->
</testsuite> <!-- com.testng.Testng_Ignore -->
