<?xml version="1.0" encoding="UTF-8"?>
<!-- Generated by org.testng.reporters.JUnitReportReporter -->
<testsuite skipped="0" hostname="LAPTOP-LTHFSPB6" name="com.testng.Testng_SimpleAnnotations" tests="2" failures="0" timestamp="2022-07-27T00:32:49 IST" time="0.008" errors="0">
  <testcase name="searchHp" time="0.006" classname="com.testng.Testng_SimpleAnnotations"/>
  <testcase name="searchIphone" time="0.002" classname="com.testng.Testng_SimpleAnnotations"/>
</testsuite> <!-- com.testng.Testng_SimpleAnnotations -->
