<?xml version="1.0" encoding="UTF-8"?>
<!-- Generated by org.testng.reporters.JUnitReportReporter -->
<testsuite skipped="0" hostname="LAPTOP-LTHFSPB6" name="com.testng.Testng_InvocationCount" tests="8" failures="0" timestamp="2022-07-27T01:30:29 IST" time="0.020" errors="0">
  <testcase name="aMethod" time="0.013" classname="com.testng.Testng_InvocationCount"/>
  <testcase name="cMethod" time="0.001" classname="com.testng.Testng_InvocationCount"/>
  <testcase name="bMethod" time="0.001" classname="com.testng.Testng_InvocationCount"/>
  <testcase name="bMethod" time="0.001" classname="com.testng.Testng_InvocationCount"/>
  <testcase name="bMethod" time="0.001" classname="com.testng.Testng_InvocationCount"/>
  <testcase name="bMethod" time="0.000" classname="com.testng.Testng_InvocationCount"/>
  <testcase name="bMethod" time="0.002" classname="com.testng.Testng_InvocationCount"/>
  <testcase name="dMethod" time="0.001" classname="com.testng.Testng_InvocationCount"/>
</testsuite> <!-- com.testng.Testng_InvocationCount -->
