<?xml version="1.0" encoding="UTF-8"?>
<!-- Generated by org.testng.reporters.JUnitReportReporter -->
<testsuite skipped="0" hostname="LAPTOP-LTHFSPB6" name="com.testng.Testng_Parallel" tests="4" failures="0" timestamp="2022-07-28T20:31:55 IST" time="4.061" errors="0">
  <testcase name="cMethod" time="1.009" classname="com.testng.Testng_Parallel"/>
  <testcase name="bMethod" time="1.022" classname="com.testng.Testng_Parallel"/>
  <testcase name="aMethod" time="1.022" classname="com.testng.Testng_Parallel"/>
  <testcase name="dMethod" time="1.008" classname="com.testng.Testng_Parallel"/>
</testsuite> <!-- com.testng.Testng_Parallel -->
