<?xml version="1.0" encoding="UTF-8"?>
<!-- Generated by org.testng.reporters.JUnitReportReporter -->
<testsuite skipped="0" hostname="LAPTOP-LTHFSPB6" name="com.testng.Testng_ExpectedExceptions" tests="3" failures="0" timestamp="2022-07-27T02:00:13 IST" time="0.015" errors="0">
  <testcase name="aMethod" time="0.012" classname="com.testng.Testng_ExpectedExceptions"/>
  <testcase name="bMethod" time="0.002" classname="com.testng.Testng_ExpectedExceptions"/>
  <testcase name="cMethod" time="0.001" classname="com.testng.Testng_ExpectedExceptions"/>
</testsuite> <!-- com.testng.Testng_ExpectedExceptions -->
