<?xml version="1.0" encoding="UTF-8"?>
<!-- Generated by org.testng.reporters.JUnitReportReporter -->
<testsuite skipped="0" hostname="LAPTOP-LTHFSPB6" name="com.testng.Testng_Priority" tests="4" failures="0" timestamp="2022-07-27T01:33:05 IST" time="0.025" errors="0">
  <testcase name="aMethod" time="0.021" classname="com.testng.Testng_Priority"/>
  <testcase name="dMethod" time="0.002" classname="com.testng.Testng_Priority"/>
  <testcase name="bMethod" time="0.001" classname="com.testng.Testng_Priority"/>
  <testcase name="cMethod" time="0.001" classname="com.testng.Testng_Priority"/>
</testsuite> <!-- com.testng.Testng_Priority -->
